\BOOKMARK [1][-]{section.1}{\376\377\000I\000n\000t\000r\000o\000d\000u\000\347\000\343\000o}{}% 1
\BOOKMARK [1][-]{section.2}{\376\377\000A\000n\000\341\000l\000i\000s\000e\000\040\000d\000e\000\040\000R\000e\000q\000u\000i\000s\000i\000t\000o\000s}{}% 2
\BOOKMARK [2][-]{subsection.2.1}{\376\377\000C\000o\000n\000v\000e\000n\000\347\000\365\000e\000s\000,\000\040\000t\000e\000r\000m\000o\000s\000\040\000e\000\040\000a\000b\000r\000e\000v\000i\000a\000\347\000\365\000e\000s}{section.2}% 3
\BOOKMARK [3][-]{subsubsection.2.1.1}{\376\377\000I\000d\000e\000n\000t\000i\000f\000i\000c\000a\000\347\000\343\000o\000\040\000d\000o\000s\000\040\000R\000e\000q\000u\000i\000s\000i\000t\000o\000s}{subsection.2.1}% 4
\BOOKMARK [3][-]{subsubsection.2.1.2}{\376\377\000P\000r\000o\000p\000r\000i\000e\000d\000a\000d\000e\000s\000\040\000d\000o\000s\000\040\000r\000e\000q\000u\000i\000s\000i\000t\000o\000s}{subsection.2.1}% 5
\BOOKMARK [2][-]{subsection.2.2}{\376\377\000R\000e\000q\000u\000i\000s\000i\000t\000o\000s\000\040\000F\000u\000n\000c\000i\000o\000n\000a\000i\000s}{section.2}% 6
\BOOKMARK [3][-]{subsubsection.2.2.1}{\376\377\000[\000R\000F\0000\0001\000]\000\040\000[\000R\000e\000q\000u\000i\000s\000i\000t\000o\000.\000.\000.\000]}{subsection.2.2}% 7
\BOOKMARK [3][-]{subsubsection.2.2.2}{\376\377\000[\000R\000F\0000\0002\000]\000\040\000[\000P\000r\000\363\000x\000i\000m\000o\000\040\000r\000e\000q\000u\000i\000s\000i\000t\000o\000.\000.\000.\000]}{subsection.2.2}% 8
\BOOKMARK [2][-]{subsection.2.3}{\376\377\000R\000e\000q\000u\000i\000s\000i\000t\000o\000s\000\040\000N\000\343\000o\000-\000F\000u\000n\000c\000i\000o\000n\000a\000i\000s}{section.2}% 9
\BOOKMARK [3][-]{subsubsection.2.3.1}{\376\377\000[\000N\000F\0000\0001\000]\000\040\000[\000R\000e\000q\000u\000i\000s\000i\000t\000o\000\040\000n\000\343\000o\000\040\000f\000u\000n\000c\000i\000o\000n\000a\000l\000]}{subsection.2.3}% 10
\BOOKMARK [3][-]{subsubsection.2.3.2}{\376\377\000[\000N\000F\0000\0002\000]\000\040\000[\000R\000e\000q\000u\000i\000s\000i\000t\000o\000\040\000n\000\343\000o\000\040\000f\000u\000n\000c\000i\000o\000n\000a\000l\000]}{subsection.2.3}% 11
\BOOKMARK [1][-]{section.3}{\376\377\000D\000i\000a\000g\000r\000a\000m\000a\000\040\000d\000e\000\040\000B\000l\000o\000c\000o\000s}{}% 12
\BOOKMARK [1][-]{section.4}{\376\377\000M\000o\000d\000e\000l\000a\000g\000e\000m\000\040\000d\000o\000\040\000C\000i\000r\000c\000u\000i\000t\000o}{}% 13
\BOOKMARK [1][-]{section.5}{\376\377\000D\000e\000s\000c\000r\000i\000\347\000\343\000o\000\040\000d\000e\000\040\000H\000a\000r\000d\000w\000a\000r\000e}{}% 14
\BOOKMARK [2][-]{subsection.5.1}{\376\377\000A\000r\000q\000u\000i\000t\000e\000t\000u\000r\000a\000\040\000G\000e\000r\000a\000l}{section.5}% 15
\BOOKMARK [1][-]{section.6}{\376\377\000D\000e\000s\000c\000r\000i\000c\000a\000o\000\040\000d\000e\000\040\000a\000l\000t\000o\000\040\000n\000\355\000v\000e\000l}{}% 16
\BOOKMARK [2][-]{subsection.6.1}{\376\377\000S\000u\000b\000s\000i\000s\000t\000e\000m\000a\000\040\000d\000e\000\040\000a\000l\000i\000m\000e\000n\000t\000a\000\347\000\343\000o}{section.6}% 17
\BOOKMARK [3][-]{subsubsection.6.1.1}{\376\377\000.\000.\000.}{subsection.6.1}% 18
\BOOKMARK [1][-]{section.7}{\376\377\000D\000e\000s\000c\000r\000i\000\347\000\343\000o\000\040\000d\000e\000\040\000F\000i\000r\000m\000w\000a\000r\000e}{}% 19
\BOOKMARK [1][-]{section.8}{\376\377\000B\000i\000l\000l\000\040\000o\000f\000\040\000M\000a\000t\000e\000r\000i\000a\000l\000s}{}% 20
\BOOKMARK [2][-]{subsection.8.1}{\376\377\000T\000o\000t\000a\000l}{section.8}% 21
